\BOOKMARK [0][-]{Doc-Start}{\376\377\000C\000E\000R\000T\000I\000F\000I\000C\000A\000T\000I\000O\000N}{}% 1
\BOOKMARK [0][-]{chapter*.1}{\376\377\000A\000T\000T\000E\000S\000T\000A\000T\000I\000O\000N}{}% 2
\BOOKMARK [0][-]{section*.3}{\376\377\000D\000E\000D\000I\000C\000A\000C\000E}{}% 3
\BOOKMARK [0][-]{chapter*.4}{\376\377\000R\000E\000M\000E\000R\000C\000I\000E\000M\000E\000N\000T}{}% 4
\BOOKMARK [0][-]{chapter*.5}{\376\377\000R\000E\000S\000U\000M\000E}{}% 5
\BOOKMARK [0][-]{chapter*.6}{\376\377\000A\000B\000S\000T\000R\000A\000C\000T}{}% 6
\BOOKMARK [0][-]{chapter*.7}{\376\377\000L\000I\000S\000T\000E\000\040\000D\000E\000S\000\040\000A\000B\000R\000\311\000V\000I\000A\000T\000I\000O\000N\000S}{}% 7
\BOOKMARK [0][-]{section*.10}{\376\377\000L\000I\000S\000T\000E\000\040\000D\000E\000S\000\040\000F\000I\000G\000U\000R\000E\000S}{}% 8
\BOOKMARK [0][-]{section*.12}{\376\377\000L\000I\000S\000T\000E\000\040\000D\000E\000S\000\040\000T\000A\000B\000L\000E\000A\000U\000X}{}% 9
\BOOKMARK [0][-]{chapter*.13}{\376\377\000I\000N\000T\000R\000O\000D\000U\000C\000T\000I\000O\000N\000\040\000G\000E\000N\000E\000R\000A\000L\000E}{}% 10
\BOOKMARK [1][-]{section.0.1}{\376\377\000c\000o\000n\000t\000e\000x\000t\000e}{chapter*.13}% 11
\BOOKMARK [1][-]{section.0.2}{\376\377\000L\000a\000\040\000p\000r\000o\000b\000l\000\351\000m\000a\000t\000i\000q\000u\000e}{chapter*.13}% 12
\BOOKMARK [1][-]{section.0.3}{\376\377\000O\000b\000j\000e\000c\000t\000i\000f\000s\000\040\000d\000u\000\040\000p\000r\000o\000j\000e\000t\000\040}{chapter*.13}% 13
\BOOKMARK [2][-]{subsection.0.3.1}{\376\377\000O\000b\000j\000e\000c\000t\000i\000f\000\040\000g\000\351\000n\000\351\000r\000a\000l\000\040\000d\000u\000\040\000p\000r\000o\000j\000e\000t}{section.0.3}% 14
\BOOKMARK [2][-]{subsection.0.3.2}{\376\377\000O\000b\000j\000e\000c\000t\000i\000f\000s\000\040\000s\000p\000\351\000c\000i\000f\000i\000q\000u\000e\000s}{section.0.3}% 15
\BOOKMARK [1][-]{section.0.4}{\376\377\000I\000m\000p\000o\000r\000t\000a\000n\000c\000e\000\040\000d\000u\000\040\000p\000r\000o\000j\000e\000t\000\040}{chapter*.13}% 16
\BOOKMARK [1][-]{section.0.5}{\376\377\000L\000e\000\040\000p\000l\000a\000n\000\040\000d\000e\000\040\000r\000\351\000d\000a\000c\000t\000i\000o\000n\000\040}{chapter*.13}% 17
\BOOKMARK [0][-]{section.0.5}{\376\377\000\311\000T\000U\000D\000E\000\040\000D\000E\000\040\000L\000'\000E\000X\000I\000S\000T\000A\000N\000T}{}% 18
\BOOKMARK [0][-]{chapter.1}{\376\377\000\311\000T\000U\000D\000E\000\040\000D\000E\000\040\000L\000'\000E\000X\000I\000S\000T\000A\000N\000T}{}% 19
\BOOKMARK [1][-]{section.1.1}{\376\377\000P\000r\000\351\000s\000e\000n\000t\000a\000t\000i\000o\000n\000\040\000d\000e\000\040\000l\000'\000\351\000t\000a\000b\000l\000i\000s\000s\000e\000m\000e\000n\000t}{chapter.1}% 20
\BOOKMARK [1][-]{section.1.2}{\376\377\000O\000r\000g\000a\000n\000i\000s\000a\000t\000i\000o\000n\000\040\000a\000c\000t\000u\000e\000l\000l\000e\000\040\000d\000e\000\040\000l\000a\000\040\000g\000e\000s\000t\000i\000o\000n\000\040\000d\000e\000s\000\040\000e\000m\000p\000l\000o\000i\000s\000\040\000d\000u\000\040\000t\000e\000m\000p\000s}{chapter.1}% 21
\BOOKMARK [1][-]{section.1.3}{\376\377\000O\000u\000t\000i\000l\000s\000\040\000u\000t\000i\000l\000i\000s\000\351\000s}{chapter.1}% 22
\BOOKMARK [1][-]{section.1.4}{\376\377\000D\000i\000f\000f\000i\000c\000u\000l\000t\000\351\000s\000\040\000e\000t\000\040\000l\000i\000m\000i\000t\000e\000s\000\040\000d\000u\000\040\000s\000y\000s\000t\000\350\000m\000e\000\040\000a\000c\000t\000u\000e\000l}{chapter.1}% 23
\BOOKMARK [1][-]{section.1.5}{\376\377\000B\000e\000s\000o\000i\000n\000\040\000d\040\031\000u\000n\000\040\000s\000y\000s\000t\000\350\000m\000e\000\040\000i\000n\000f\000o\000r\000m\000a\000t\000i\000s\000\351}{chapter.1}% 24
\BOOKMARK [0][-]{section.1.5}{\376\377\000A\000N\000A\000L\000Y\000S\000E\000\040\000E\000T\000\040\000C\000O\000N\000C\000E\000P\000T\000I\000O\000N}{}% 25
\BOOKMARK [0][-]{chapter.2}{\376\377\000A\000N\000A\000L\000Y\000S\000E\000\040\000E\000T\000\040\000C\000O\000N\000C\000E\000P\000T\000I\000O\000N}{}% 26
\BOOKMARK [1][-]{section.2.1}{\376\377\000A\000N\000A\000L\000Y\000S\000E}{chapter.2}% 27
\BOOKMARK [2][-]{subsection.2.1.1}{\376\377\000I\000D\000E\000N\000T\000I\000F\000I\000C\000A\000T\000I\000O\000N\000\040\000D\000E\000S\000\040\000A\000C\000T\000E\000U\000R\000S\000\040\000D\000E\000\040\000L\000'\000A\000P\000P\000L\000I\000C\000A\000T\000I\000O\000N}{section.2.1}% 28
\BOOKMARK [2][-]{subsection.2.1.2}{\376\377\000D\000I\000A\000G\000R\000A\000M\000M\000E\000\040\000D\000E\000\040\000C\000O\000N\000T\000E\000X\000T\000E}{section.2.1}% 29
\BOOKMARK [2][-]{subsection.2.1.3}{\376\377\000I\000D\000E\000N\000T\000I\000F\000I\000C\000A\000T\000I\000O\000N\000\040\000D\000E\000S\000\040\000E\000S\000P\000A\000C\000E\000S}{section.2.1}% 30
\BOOKMARK [1][-]{section.2.2}{\376\377\000C\000O\000N\000C\000E\000P\000T\000I\000O\000N}{chapter.2}% 31
\BOOKMARK [2][-]{subsection.2.2.1}{\376\377\000L\000A\000\040\000D\000\311\000M\000A\000R\000C\000H\000E\000\040\000D\000E\000\040\000C\000O\000N\000C\000E\000P\000T\000I\000O\000N\000\040\000D\000E\000\040\000L\000'\000A\000P\000P\000L\000I\000C\000A\000T\000I\000O\000N}{section.2.2}% 32
\BOOKMARK [2][-]{subsection.2.2.2}{\376\377\000L\000E\000\040\000N\000I\000V\000E\000A\000U\000\040\000A\000P\000P\000L\000I\000C\000A\000T\000I\000F}{section.2.2}% 33
\BOOKMARK [3][-]{subsubsection.2.2.2.1}{\376\377\000L\000E\000S\000\040\000C\000A\000S\000\040\000D\000'\000U\000T\000I\000L\000I\000S\000A\000T\000I\000O\000N}{subsection.2.2.2}% 34
\BOOKMARK [3][-]{subsubsection.2.2.2.2}{\376\377\000D\000I\000A\000G\000R\000A\000M\000M\000E\000\040\000D\000E\000S\000\040\000C\000A\000S\000\040\000D\000'\000U\000T\000I\000L\000I\000S\000A\000T\000I\000O\000N}{subsection.2.2.2}% 35
\BOOKMARK [3][-]{subsubsection.2.2.2.3}{\376\377\000D\000I\000A\000G\000R\000A\000M\000M\000E\000\040\000D\000E\000\040\000S\000\311\000Q\000U\000E\000N\000C\000E}{subsection.2.2.2}% 36
